<?xml version="1.0" encoding="UTF-8"?>
<!-- Generated by org.testng.reporters.JUnitReportReporter -->
<testsuite hostname="vivobook-asuslaptop-x512flc-x512fl" failures="0" tests="1" name="Datatesting.colabdataportal" time="2.595" errors="0" timestamp="2023-09-11T17:10:17 IST" skipped="0">
  <testcase classname="Datatesting.colabdataportal" name="brainData" time="2.595"/>
</testsuite> <!-- Datatesting.colabdataportal -->
